Build started 12/8/2015 10:18:50 AM.
     1>Project "C:\Users\klso224\Desktop\PA4_FINAL\PA4_FINAL\PA4_FINAL.vcxproj" on node 2 (Build target(s)).
     1>ClCompile:
         C:\Program Files (x86)\Microsoft Visual Studio 14.0\VC\bin\CL.exe /c /ZI /nologo /W3 /WX- /sdl /Od /Oy- /D _MBCS /Gm /EHsc /RTC1 /MDd /GS /fp:precise /Zc:wchar_t /Zc:forScope /Zc:inline /Fo"Debug\\" /Fd"Debug\vc140.pdb" /Gd /TP /analyze- /errorReport:prompt Source.cpp
         Source.cpp
     1>c:\users\klso224\desktop\pa4_final\pa4_final\source.cpp(32): warning C4018: '<': signed/unsigned mismatch
     1>c:\users\klso224\desktop\pa4_final\pa4_final\source.cpp(44): warning C4018: '<': signed/unsigned mismatch
     1>c:\users\klso224\desktop\pa4_final\pa4_final\source.cpp(53): warning C4018: '<': signed/unsigned mismatch
     1>c:\users\klso224\desktop\pa4_final\pa4_final\source.cpp(125): warning C4018: '<': signed/unsigned mismatch
       Link:
         C:\Program Files (x86)\Microsoft Visual Studio 14.0\VC\bin\link.exe /ERRORREPORT:PROMPT /OUT:"C:\Users\klso224\Desktop\PA4_FINAL\Debug\PA4_FINAL.exe" /INCREMENTAL /NOLOGO kernel32.lib user32.lib gdi32.lib winspool.lib comdlg32.lib advapi32.lib shell32.lib ole32.lib oleaut32.lib uuid.lib odbc32.lib odbccp32.lib /MANIFEST /MANIFESTUAC:"level='asInvoker' uiAccess='false'" /manifest:embed /Debug /PDB:"C:\Users\klso224\Desktop\PA4_FINAL\Debug\PA4_FINAL.pdb" /TLBID:1 /DYNAMICBASE /NXCOMPAT /IMPLIB:"C:\Users\klso224\Desktop\PA4_FINAL\Debug\PA4_FINAL.lib" /MACHINE:X86 Debug\Circle.obj
         Debug\Cuboid.obj
         Debug\Cylinder.obj
         Debug\Rectangle.obj
         Debug\Source.obj
         Debug\Sphere.obj
         PA4_FINAL.vcxproj -> C:\Users\klso224\Desktop\PA4_FINAL\Debug\PA4_FINAL.exe
     1>Done Building Project "C:\Users\klso224\Desktop\PA4_FINAL\PA4_FINAL\PA4_FINAL.vcxproj" (Build target(s)).

Build succeeded.

Time Elapsed 00:00:05.38
